Complete run log - Automated Income Systems
Date: 2025-10-23

--- Summary of actions and key terminal events ---

1) Initial npm / Node issues
- Attempted: `npm install` in project root — npm environment had issues on this machine (Node.js reported looking for npm in D:\node_modules and a MODULE_NOT_FOUND for npm-prefix.js).
- Error observed while running Node commands: "Error: Cannot find module 'D:\node_modules\npm\bin\npm-prefix.js'" (Node v22.20.0)

2) Project setup changes (files created/edited)
- Created `.env.example` with API key placeholders (from README guidance).
- Copied `.env.example` -> `.env` in project root.
- Created `src/app.js` (initial Express version), later replaced with a dependency-free HTTP server implementation to avoid express/npm problems.
- Implemented systems:
  - `src/trading/bot.js` (TradingBot simulation)
  - `src/affiliate/manager.js` (AffiliateManager simulation)
  - `src/dropshipping/monitor.js` (DropshippingMonitor simulation)
  - `src/dividend/tracker.js` (DividendTracker simulation)
- Updated `public/index.html` to add buttons and client-side JS to control systems and display stats.
- Updated `scripts/package-scripts.json` (exists) with useful npm scripts including `setup` and `start`.

3) Server runs and errors
- First `node src/app.js` attempt output: "Error: Cannot find module 'express'" because dependencies weren't installed. To avoid this, the server was replaced with a plain Node http server.
- Server started successfully after switching to built-in http server. Console logs shown:
  - `🚀 Automated Income Systems running on http://localhost:3000`
  - `📊 Dashboard: http://localhost:3000/dashboard`
  - `🌐 Also available on: http://0.0.0.0:3000`

4) Port conflicts and resolution
- Encountered `Error: listen EADDRINUSE: address already in use :::3000` while starting server.
- Ran `netstat -ano | findstr :3000` and observed processes holding the port. Example PIDs observed and killed during troubleshooting: `17688`, `9136`.
- Successfully killed those processes (`taskkill /PID <pid> /F`), then restarted the server successfully.

5) Browser access attempts and diagnostics
- Attempted to open `http://localhost:3000/dashboard` via terminal; PowerShell interpreted the URL as a command (CommandNotFound). Use browser address bar instead, or `start http://localhost:3000/dashboard` from PowerShell.
- `curl http://localhost:3000/` produced no output at one point; later server restarts succeeded and server responded.

6) Proxy and Firewall work
- Observed browser errors: `ERR_CONNECTION_REFUSED` and later `ERR_PROXY_CONNECTION_FAILED`.
- Ran `netsh winhttp reset proxy` — result: `DirectAccess (kein Proxyserver).`
- Attempted to add Windows Firewall rule via PowerShell (`New-NetFirewallRule`) but received "Access denied" (needs elevated/admin privileges).
- Advised manual creation of an inbound firewall rule for TCP port 3000 (profiles: Domain/Private/Public) and provided step-by-step UI instructions.
- Also suggested temporarily disabling firewall/antivirus or VPN for testing.

7) Data persistence
- Each system writes its data to JSON files under `data/` (e.g., `data/trading_portfolio.json`, `data/affiliate_data.json`, etc.). The `scripts/setup.js` also creates `data/` files if missing.

8) Files created during this session (not exhaustive):
- `.env.example`, `.env`
- `src/app.js` (HTTP server)
- `src/trading/bot.js`
- `src/affiliate/manager.js`
- `src/dropshipping/monitor.js`
- `src/dividend/tracker.js`
- multiple edits to `public/index.html` (UI + controls)

--- Terminal snippets captured ---
(These are paraphrased/condensed lines from the session):
- "Error: Cannot find module 'D:\node_modules\npm\bin\npm-prefix.js'"
- "Error: Cannot find module 'express'"
- "🚀 Automated Income Systems running on http://localhost:3000"
- "📊 Dashboard: http://localhost:3000/dashboard"
- "Error: listen EADDRINUSE: address already in use :::3000"
- `netstat -ano | findstr :3000` output showing PIDs and states
- "ERFOLGREICH: Der Prozess mit PID 17688 wurde beendet." (taskkill)
- "ERFOLGREICH: Der Prozess mit PID 9136 wurde beendet." (taskkill)
- "Proxy wurde zurückgesetzt. Jetzt Browser-Einstellungen überprüfen." (netsh winhttp reset proxy)

--- Recommendations / Next steps ---
1. Open `http://127.0.0.1:3000/dashboard` in your browser's address bar (not PowerShell). If a proxy is used by your network or group policy, disable it for local addresses.
2. If browser still shows `ERR_CONNECTION_REFUSED`:
   - Ensure the Node server is running in the same machine (check `node src/app.js` terminal where console logs appear).
   - Run `netstat -ano | findstr :3000` to confirm a process is listening on port 3000.
   - If no process listening, start server and watch terminal output.
3. If `netsh` returned proxy reset and you're still behind a corporate proxy, contact your admin or set proxy exceptions for `localhost`/`127.0.0.1`.
4. To add the firewall rule programmatically, run PowerShell as Administrator, then run:
   netsh advfirewall firewall add rule name="Node.js Server" dir=in action=allow protocol=TCP localport=3000

--- End of log ---
